
**** Build of configuration Debug for project Laboruebung_3 ****

"C:\\ti\\ccs1281\\ccs\\utils\\bin\\gmake" -k -j 12 all -O 
 
Building file: "../Hardware HAL/hal_LCD.c"
Invoking: MSP430 Compiler
"C:/ti/ccs1281/ccs/tools/compiler/ti-cgt-msp430_21.6.1.LTS/bin/cl430" -vmspx --data_model=restricted -Ooff --opt_for_speed=0 --use_hw_mpy=F5 --include_path="C:/ti/ccs1281/ccs/ccs_base/msp430/include" --include_path="C:/Users/danie/Desktop/FH Joanneum/ECE3/ESI/Laboruebung_3" --include_path="C:/ti/ccs1281/ccs/tools/compiler/ti-cgt-msp430_21.6.1.LTS/include" --advice:power=all --define=__MSP430F5335__ -g --printf_support=minimal --diag_warning=225 --diag_wrap=off --display_error_number --silicon_errata=CPU21 --silicon_errata=CPU22 --silicon_errata=CPU40 --preproc_with_compile --preproc_dependency="Hardware HAL/hal_LCD.d_raw" --obj_directory="Hardware HAL"  "../Hardware HAL/hal_LCD.c"
Finished building: "../Hardware HAL/hal_LCD.c"
 
Building file: "../main.c"
Invoking: MSP430 Compiler
"C:/ti/ccs1281/ccs/tools/compiler/ti-cgt-msp430_21.6.1.LTS/bin/cl430" -vmspx --data_model=restricted -Ooff --opt_for_speed=0 --use_hw_mpy=F5 --include_path="C:/ti/ccs1281/ccs/ccs_base/msp430/include" --include_path="C:/Users/danie/Desktop/FH Joanneum/ECE3/ESI/Laboruebung_3/Hardware HAL" --include_path="C:/Users/danie/Desktop/FH Joanneum/ECE3/ESI/Laboruebung_3/Driver DL" --include_path="C:/Users/danie/Desktop/FH Joanneum/ECE3/ESI/Laboruebung_3/Application AL" --include_path="C:/Users/danie/Desktop/FH Joanneum/ECE3/ESI/Laboruebung_1" --include_path="C:/ti/ccs1281/ccs/tools/compiler/ti-cgt-msp430_21.6.1.LTS/include" --advice:power=all --define=__MSP430F5335__ -g --printf_support=minimal --diag_warning=225 --diag_wrap=off --display_error_number --silicon_errata=CPU21 --silicon_errata=CPU22 --silicon_errata=CPU40 --preproc_with_compile --preproc_dependency="main.d_raw"  "../main.c"
"../main.c", line 12: remark #1527-D: (ULP 2.1) Detected SW delay loop using empty loop. Recommend using a timer module instead
Finished building: "../main.c"
 
Building file: "../Hardware HAL/hal_general.c"
Invoking: MSP430 Compiler
"C:/ti/ccs1281/ccs/tools/compiler/ti-cgt-msp430_21.6.1.LTS/bin/cl430" -vmspx --data_model=restricted -Ooff --opt_for_speed=0 --use_hw_mpy=F5 --include_path="C:/ti/ccs1281/ccs/ccs_base/msp430/include" --include_path="C:/Users/danie/Desktop/FH Joanneum/ECE3/ESI/Laboruebung_3" --include_path="C:/ti/ccs1281/ccs/tools/compiler/ti-cgt-msp430_21.6.1.LTS/include" --advice:power=all --define=__MSP430F5335__ -g --printf_support=minimal --diag_warning=225 --diag_wrap=off --display_error_number --silicon_errata=CPU21 --silicon_errata=CPU22 --silicon_errata=CPU40 --preproc_with_compile --preproc_dependency="Hardware HAL/hal_general.d_raw" --obj_directory="Hardware HAL"  "../Hardware HAL/hal_general.c"
Finished building: "../Hardware HAL/hal_general.c"
 
Building file: "../Hardware HAL/hal_timerB0.c"
Invoking: MSP430 Compiler
"C:/ti/ccs1281/ccs/tools/compiler/ti-cgt-msp430_21.6.1.LTS/bin/cl430" -vmspx --data_model=restricted -Ooff --opt_for_speed=0 --use_hw_mpy=F5 --include_path="C:/ti/ccs1281/ccs/ccs_base/msp430/include" --include_path="C:/Users/danie/Desktop/FH Joanneum/ECE3/ESI/Laboruebung_3" --include_path="C:/ti/ccs1281/ccs/tools/compiler/ti-cgt-msp430_21.6.1.LTS/include" --advice:power=all --define=__MSP430F5335__ -g --printf_support=minimal --diag_warning=225 --diag_wrap=off --display_error_number --silicon_errata=CPU21 --silicon_errata=CPU22 --silicon_errata=CPU40 --preproc_with_compile --preproc_dependency="Hardware HAL/hal_timerB0.d_raw" --obj_directory="Hardware HAL"  "../Hardware HAL/hal_timerB0.c"
"../Hardware HAL/hal_timerB0.c", line 31: warning #225-D: function "LCD_BL_ON" declared implicitly
"../Hardware HAL/hal_timerB0.c", line 36: warning #225-D: function "LCD_BL_OFF" declared implicitly
"../Hardware HAL/hal_timerB0.c", line 31: remark #1538-D: (ULP 10.1) ISR TimerB0_ISR calls function LCD_BL_ON. Recommend moving function call away from ISR, or inlining the function, or using pragmas
"../Hardware HAL/hal_timerB0.c", line 36: remark #1538-D: (ULP 10.1) ISR TimerB0_ISR calls function LCD_BL_OFF. Recommend moving function call away from ISR, or inlining the function, or using pragmas
Finished building: "../Hardware HAL/hal_timerB0.c"
 
Building target: "Laboruebung_3.out"
Invoking: MSP430 Linker
"C:/ti/ccs1281/ccs/tools/compiler/ti-cgt-msp430_21.6.1.LTS/bin/cl430" -vmspx --data_model=restricted -Ooff --opt_for_speed=0 --use_hw_mpy=F5 --advice:power=all --define=__MSP430F5335__ -g --printf_support=minimal --diag_warning=225 --diag_wrap=off --display_error_number --silicon_errata=CPU21 --silicon_errata=CPU22 --silicon_errata=CPU40 -z -m"Laboruebung_3.map" --heap_size=160 --stack_size=160 --cinit_hold_wdt=on -i"C:/ti/ccs1281/ccs/ccs_base/msp430/include" -i"C:/ti/ccs1281/ccs/ccs_base/msp430/lib/5xx_6xx_FRxx" -i"C:/ti/ccs1281/ccs/tools/compiler/ti-cgt-msp430_21.6.1.LTS/lib" -i"C:/ti/ccs1281/ccs/tools/compiler/ti-cgt-msp430_21.6.1.LTS/include" --reread_libs --diag_wrap=off --display_error_number --warn_sections --xml_link_info="Laboruebung_3_linkInfo.xml" --use_hw_mpy=F5 --rom_model -o "Laboruebung_3.out" "./main.obj" "./Hardware HAL/hal_LCD.obj" "./Hardware HAL/hal_general.obj" "./Hardware HAL/hal_gpio.obj" "./Hardware HAL/hal_pmm.obj" "./Hardware HAL/hal_timerB0.obj" "./Hardware HAL/hal_ucs.obj" "./Hardware HAL/hal_wdt.obj" "../lnk_msp430f5335.cmd"  -llibmath.a -llibc.a 
<Linking>
remark #10371-D: (ULP 1.1) Detected no uses of low power mode state changing instructions
remark #10372-D: (ULP 4.1) Detected uninitialized Port A in this project. Recommend initializing all unused ports to eliminate wasted current consumption on unused pins.
remark #10372-D: (ULP 4.1) Detected uninitialized Port B in this project. Recommend initializing all unused ports to eliminate wasted current consumption on unused pins.
remark #10372-D: (ULP 4.1) Detected uninitialized Port C in this project. Recommend initializing all unused ports to eliminate wasted current consumption on unused pins.
remark #10372-D: (ULP 4.1) Detected uninitialized Port D in this project. Recommend initializing all unused ports to eliminate wasted current consumption on unused pins.
remark #10372-D: (ULP 4.1) Detected uninitialized Port E in this project. Recommend initializing all unused ports to eliminate wasted current consumption on unused pins.
Finished building target: "Laboruebung_3.out"
 

**** Build Finished ****
